2025-07-19 10:38:57 [INFO]: REGISTER - he@gmail.com registered with role Student
2025-07-19 10:39:32 [INFO]: LOGIN - he@gmail.com logged in
2025-07-19 10:44:18 [INFO]: REGISTER - anjalishrestha373@gmail.com registered with role Student
2025-07-19 10:49:18 [INFO]: PASSWORD RESET - he@gmail.com reset their password
2025-07-19 10:49:43 [INFO]: LOGIN - he@gmail.com logged in
2025-07-19 12:22:16 [INFO]: LOGIN - he@gmail.com logged in
2025-07-19 13:06:30 [INFO]: LOGIN - he@gmail.com logged in
2025-07-19 13:07:27 [INFO]: LOGIN - he@gmail.com logged in
2025-07-19 14:46:56 [INFO]: LOGIN - he@gmail.com logged in
2025-07-19 16:45:02 [INFO]: LOGIN - he@gmail.com logged in
2025-07-19 20:52:50 [INFO]: LOGIN - he@gmail.com logged in
2025-07-19 22:31:37 [INFO]: LOGIN - he@gmail.com logged in
2025-07-21 22:26:36 [INFO]: LOGIN - he@gmail.com logged in
2025-07-21 22:27:20 [INFO]: LOGIN - he@gmail.com logged in
2025-07-22 00:40:09 [INFO]: LOGIN - he@gmail.com logged in
2025-07-22 22:29:30 [INFO]: LOGIN - he@gmail.com logged in
2025-07-22 22:30:31 [INFO]: LOGIN - admin7@gmail.com logged in
2025-07-22 22:31:31 [INFO]: LOGIN - admin7@gmail.com logged in
2025-07-22 22:32:58 [INFO]: LOGIN - admin7@gmail.com logged in
2025-07-22 23:09:53 [INFO]: REGISTER - admin77@gmail.com registered with role Admin
2025-07-22 23:10:14 [INFO]: LOGIN - admin77@gmail.com logged in
2025-07-22 23:17:51 [INFO]: LOGIN - admin77@gmail.com logged in
2025-07-22 23:26:04 [INFO]: LOGIN - admin77@gmail.com logged in
2025-07-22 23:27:45 [INFO]: LOGIN - admin77@gmail.com logged in
2025-07-22 23:31:50 [INFO]: LOGIN - admin7@gmail.com logged in
2025-07-22 23:32:51 [INFO]: LOGIN - he@gmail.com logged in
2025-07-22 23:33:56 [INFO]: LOGIN - admin7@gmail.com logged in
2025-07-22 23:34:31 [INFO]: LOGIN - admin77@gmail.com logged in
2025-07-23 00:16:48 [INFO]: REGISTER - cleanuser1@gmail.com registered with role Student
2025-07-23 00:17:26 [INFO]: REGISTER - cleanuser2@gmail.com registered with role Student
2025-07-23 00:18:32 [INFO]: REGISTER - alice123@gmail.com registered with role Student
2025-07-23 00:20:01 [INFO]: REGISTER - alice1234@gmail.com registered with role Student
2025-07-23 00:26:28 [INFO]: REGISTER - cleanuser12@gmail.com registered with role Student
2025-07-23 00:28:28 [INFO]: REGISTER - safe1@example.com registered with role Student
2025-07-23 00:32:37 [INFO]: REGISTER - safe2@example.com registered with role Student
2025-07-23 01:17:26 [INFO]: REGISTER - rohan@gmail.com registered with role Student
2025-07-23 02:00:25 [INFO]: REGISTER - rohan1@gmail.com registered with role Student
2025-07-23 02:05:32 [INFO]: REGISTER - rohan12@gmail.com registered with role Student
2025-07-23 02:16:03 [INFO]: REGISTER - anjali0@gmail.com registered with role Student
2025-07-23 02:16:33 [INFO]: LOGIN - anjali0@gmail.com logged in
2025-07-23 02:21:56 [INFO]: REGISTER - admin77@gmail.com registered with role Student
2025-07-23 02:22:24 [INFO]: LOGIN - admin77@gmail.com logged in
2025-07-23 02:24:15 [INFO]: REGISTER - admin77@gmail.com registered with role Admin
2025-07-23 02:24:44 [INFO]: LOGIN - admin77@gmail.com logged in
2025-07-23 02:27:52 [INFO]: LOGIN - admin77@gmail.com logged in
2025-07-23 02:47:02 [INFO]: LOGIN - admin77@gmail.com logged in
2025-07-23 03:01:16 [INFO]: LOGIN - admin77@gmail.com logged in
2025-07-23 03:20:22 [INFO]: LOGIN - admin77@gmail.com logged in
2025-07-23 03:22:46 [INFO]: REGISTER - anjali6@gmail.com registered with role Student
2025-07-23 03:23:10 [INFO]: LOGIN - anjali6@gmail.com logged in
2025-07-23 03:24:53 [INFO]: LOGIN - admin77@gmail.com logged in
2025-07-23 03:25:37 [INFO]: LOGIN - admin77@gmail.com logged in
2025-07-23 03:29:08 [INFO]: LOGIN - admin77@gmail.com logged in
2025-07-23 03:29:34 [INFO]: LOGIN - admin77@gmail.com logged in
2025-07-23 03:32:33 [INFO]: LOGIN - admin77@gmail.com logged in
2025-07-23 03:34:17 [INFO]: LOGIN - admin77@gmail.com logged in
2025-07-23 03:34:39 [INFO]: LOGIN - admin77@gmail.com logged in
2025-07-23 03:35:30 [INFO]: LOGIN - anjali0@gmail.com logged in
2025-07-23 03:36:06 [INFO]: LOGIN - admin77@gmail.com logged in
2025-07-23 03:39:28 [INFO]: LOGIN - admin77@gmail.com logged in
2025-07-23 15:29:13 [INFO]: LOGIN - admin77@gmail.com logged in
2025-07-23 15:30:38 [INFO]: LOGIN - admin77@gmail.com logged in
2025-07-23 15:50:21 [INFO]: LOGIN - admin77@gmail.com logged in
2025-07-23 15:50:54 [INFO]: LOGIN - admin77@gmail.com logged in
2025-07-23 15:51:32 [INFO]: LOGIN - anjali0@gmail.com logged in
2025-07-23 15:51:53 [INFO]: LOGIN - admin77@gmail.com logged in
2025-07-23 15:55:51 [INFO]: LOGIN - admin77@gmail.com logged in
2025-07-23 15:57:23 [INFO]: LOGIN - admin77@gmail.com logged in
2025-07-23 16:01:35 [INFO]: LOGIN - admin77@gmail.com logged in
2025-07-23 18:27:15 [INFO]: LOGIN - admin77@gmail.com logged in
2025-07-23 18:27:53 [INFO]: LOGIN - admin77@gmail.com logged in
2025-07-23 19:58:59 [INFO]: LOGIN - anjali6@gmail.com logged in
2025-07-23 20:12:33 [INFO]: LOGIN - anjali6@gmail.com logged in
2025-07-23 20:19:03 [INFO]: LOGIN - anjali6@gmail.com logged in
2025-07-23 20:29:02 [INFO]: LOGIN - admin77@gmail.com logged in
2025-07-23 20:29:32 [INFO]: LOGIN - admin77@gmail.com logged in
2025-07-23 20:30:55 [INFO]: LOGIN - admin77@gmail.com logged in
2025-07-23 20:31:24 [INFO]: LOGIN - admin77@gmail.com logged in
2025-07-23 20:33:41 [INFO]: LOGIN - anjali0@gmail.com logged in
2025-07-23 21:11:21 [INFO]: LOGIN - admin77@gmail.com logged in
2025-07-23 21:11:43 [INFO]: LOGIN - admin77@gmail.com logged in
2025-07-24 11:16:19 [INFO]: LOGIN - admin77@gmail.com logged in
2025-07-24 13:35:01 [INFO]: LOGIN - admin77@gmail.com logged in
2025-07-24 13:36:05 [INFO]: LOGIN - admin77@gmail.com logged in
2025-07-24 13:58:23 [INFO]: LOGIN - admin77@gmail.com logged in
2025-07-24 14:00:14 [INFO]: LOGIN - admin77@gmail.com logged in
2025-07-24 16:12:32 [INFO]: REGISTER - anjalishrestha024@gmail.com registered with role Student
2025-07-24 18:44:07 [INFO]: OTP VERIFIED - d1e7735bda5101f005b82f292d2484510453165c0b84106a0c0163a9f6d55d10 logged in
2025-07-24 18:45:00 [INFO]: OTP VERIFIED - d1e7735bda5101f005b82f292d2484510453165c0b84106a0c0163a9f6d55d10 logged in
2025-07-24 18:50:00 [INFO]: OTP VERIFIED - d1e7735bda5101f005b82f292d2484510453165c0b84106a0c0163a9f6d55d10 logged in
2025-07-24 19:01:02 [INFO]: Admin d5c3aa29bd720e5dc0e3409a126b6d09d11d1fdbe3be5af5e05f819eee99cbbd logged in without OTP
2025-07-24 19:01:36 [INFO]: Admin d5c3aa29bd720e5dc0e3409a126b6d09d11d1fdbe3be5af5e05f819eee99cbbd logged in without OTP
2025-07-24 19:02:28 [INFO]: OTP VERIFIED - d1e7735bda5101f005b82f292d2484510453165c0b84106a0c0163a9f6d55d10 logged in
2025-07-24 19:11:58 [INFO]: OTP VERIFIED - d1e7735bda5101f005b82f292d2484510453165c0b84106a0c0163a9f6d55d10 logged in
2025-07-24 19:16:07 [INFO]: Admin d5c3aa29bd720e5dc0e3409a126b6d09d11d1fdbe3be5af5e05f819eee99cbbd logged in without OTP
2025-07-24 19:16:23 [INFO]: Admin d5c3aa29bd720e5dc0e3409a126b6d09d11d1fdbe3be5af5e05f819eee99cbbd logged in without OTP
2025-07-24 19:39:14 [INFO]: REGISTER - anjalishrestha@gmail.com registered with role Student
2025-07-24 19:41:27 [INFO]: OTP VERIFIED - d1e7735bda5101f005b82f292d2484510453165c0b84106a0c0163a9f6d55d10 logged in
2025-07-24 21:18:19 [INFO]: Admin d5c3aa29bd720e5dc0e3409a126b6d09d11d1fdbe3be5af5e05f819eee99cbbd logged in without OTP
2025-07-24 21:31:07 [INFO]: Admin d5c3aa29bd720e5dc0e3409a126b6d09d11d1fdbe3be5af5e05f819eee99cbbd logged in without OTP
2025-07-24 21:31:34 [INFO]: Admin d5c3aa29bd720e5dc0e3409a126b6d09d11d1fdbe3be5af5e05f819eee99cbbd logged in without OTP
2025-07-27 20:03:39 [INFO]: Admin d5c3aa29bd720e5dc0e3409a126b6d09d11d1fdbe3be5af5e05f819eee99cbbd logged in without OTP
2025-07-27 20:04:08 [INFO]: Admin d5c3aa29bd720e5dc0e3409a126b6d09d11d1fdbe3be5af5e05f819eee99cbbd logged in without OTP
2025-07-27 21:09:50 [INFO]: Admin d5c3aa29bd720e5dc0e3409a126b6d09d11d1fdbe3be5af5e05f819eee99cbbd logged in without OTP
2025-07-27 21:12:28 [INFO]: PASSWORD RESET - anjalishrestha024@gmail.com reset their password
2025-07-27 21:18:18 [INFO]: REGISTER - anjalishrestha024@gmail.com registered with role Student
2025-07-27 21:18:53 [INFO]: OTP VERIFIED - d1e7735bda5101f005b82f292d2484510453165c0b84106a0c0163a9f6d55d10 logged in
2025-07-27 21:46:57 [INFO]: OTP VERIFIED - d1e7735bda5101f005b82f292d2484510453165c0b84106a0c0163a9f6d55d10 logged in
2025-07-27 21:50:41 [INFO]: Admin d5c3aa29bd720e5dc0e3409a126b6d09d11d1fdbe3be5af5e05f819eee99cbbd logged in without OTP
2025-07-27 21:50:55 [INFO]: Admin d5c3aa29bd720e5dc0e3409a126b6d09d11d1fdbe3be5af5e05f819eee99cbbd logged in without OTP
2025-07-27 21:51:12 [INFO]: Admin d5c3aa29bd720e5dc0e3409a126b6d09d11d1fdbe3be5af5e05f819eee99cbbd logged in without OTP
2025-07-27 23:25:23 [INFO]: OTP VERIFIED - d1e7735bda5101f005b82f292d2484510453165c0b84106a0c0163a9f6d55d10 logged in
2025-07-27 23:36:12 [ERROR]: [object Object]
2025-07-27 23:36:53 [ERROR]: [object Object]
2025-07-27 23:47:34 [ERROR]: [object Object]
2025-07-27 23:51:38 [WARN]: [object Object]
2025-07-27 23:52:00 [WARN]: [object Object]
2025-07-27 23:52:14 [WARN]: [object Object]
2025-07-27 23:57:29 [WARN]: {"event":"Login Failed - No User","email":"anjalishrestha024@gmail.com","ip":"::1"}
2025-07-27 23:57:37 [WARN]: {"event":"Login Failed - No User","email":"anjali0@gmail.com","ip":"::1"}
2025-07-28 00:02:36 [INFO]: OTP VERIFIED - d1e7735bda5101f005b82f292d2484510453165c0b84106a0c0163a9f6d55d10 logged in
2025-07-28 00:03:28 [INFO]: Admin d5c3aa29bd720e5dc0e3409a126b6d09d11d1fdbe3be5af5e05f819eee99cbbd logged in without OTP
2025-07-28 00:03:49 [INFO]: Admin d5c3aa29bd720e5dc0e3409a126b6d09d11d1fdbe3be5af5e05f819eee99cbbd logged in without OTP
2025-07-28 00:16:36 [INFO]: OTP VERIFIED - d1e7735bda5101f005b82f292d2484510453165c0b84106a0c0163a9f6d55d10 logged in
2025-07-28 00:22:54 [INFO]: PASSWORD RESET - anjalishrestha024@gmail.com reset their password
2025-07-28 00:29:53 [INFO]: PASSWORD RESET - anjalishrestha024@gmail.com reset their password
2025-07-28 00:32:21 [INFO]: REGISTER - qwerty@gmail.com registered with role Student
2025-07-28 00:33:29 [INFO]: OTP VERIFIED - 2afdda81840e285c803db034a368a77cee62c3441fa1fd75ca773d4127fba47b logged in
2025-07-28 00:35:26 [INFO]: REGISTER - anjalishrestha373@gmail.com registered with role Student
2025-07-28 00:36:27 [INFO]: OTP VERIFIED - a621ade13e3a296abea1cdacfc80b37f0897d9a03d4fed8872d4d9a9cc19fc15 logged in
2025-07-28 00:38:13 [INFO]: PASSWORD RESET - anjalishrestha373@gmail.com reset their password
2025-07-28 11:13:54 [INFO]: PASSWORD RESET - anjalishrestha024@gmail.com reset their password
2025-07-28 11:16:08 [INFO]: REGISTER - shresthaanjali049@gmail.com registered with role Student
2025-07-28 11:28:15 [INFO]: OTP VERIFIED - afef9cbf10c3213e490293591404b1a325d2136780cd7e5d7f4bd89d89a9243b logged in
2025-07-28 11:28:50 [INFO]: Admin d5c3aa29bd720e5dc0e3409a126b6d09d11d1fdbe3be5af5e05f819eee99cbbd logged in without OTP
2025-07-28 11:29:16 [INFO]: Admin d5c3aa29bd720e5dc0e3409a126b6d09d11d1fdbe3be5af5e05f819eee99cbbd logged in without OTP
2025-07-28 11:29:38 [INFO]: Admin d5c3aa29bd720e5dc0e3409a126b6d09d11d1fdbe3be5af5e05f819eee99cbbd logged in without OTP
2025-07-28 12:08:02 [INFO]: PASSWORD RESET - anjalishrestha024@gmail.com reset their password
2025-07-28 12:19:10 [INFO]: REGISTER - anjalishrestha024@gmail.com registered with role Student
2025-07-28 12:20:03 [INFO]: OTP VERIFIED - d1e7735bda5101f005b82f292d2484510453165c0b84106a0c0163a9f6d55d10 logged in
2025-07-28 12:21:30 [INFO]: PASSWORD RESET - anjalishrestha024@gmail.com reset their password
2025-07-28 12:51:58 [INFO]: PASSWORD RESET - anjalishrestha024@gmail.com reset their password
2025-07-28 13:33:43 [INFO]: REGISTER - anjalishrestha024@gmail.com registered with role Student
2025-07-28 13:34:16 [INFO]: OTP VERIFIED - d1e7735bda5101f005b82f292d2484510453165c0b84106a0c0163a9f6d55d10 logged in
2025-07-28 20:30:21 [INFO]: OTP VERIFIED - d1e7735bda5101f005b82f292d2484510453165c0b84106a0c0163a9f6d55d10 logged in
2025-07-28 21:16:33 [INFO]: PASSWORD RESET - anjalishrestha024@gmail.com reset their password
2025-07-28 21:24:30 [INFO]: PASSWORD RESET - anjalishrestha024@gmail.com reset their password
2025-07-28 22:48:09 [INFO]: OTP VERIFIED - afef9cbf10c3213e490293591404b1a325d2136780cd7e5d7f4bd89d89a9243b logged in
2025-07-28 22:48:38 [INFO]: OTP VERIFIED - afef9cbf10c3213e490293591404b1a325d2136780cd7e5d7f4bd89d89a9243b logged in
2025-07-28 22:49:08 [INFO]: OTP VERIFIED - afef9cbf10c3213e490293591404b1a325d2136780cd7e5d7f4bd89d89a9243b logged in
2025-07-28 22:49:57 [INFO]: OTP VERIFIED - afef9cbf10c3213e490293591404b1a325d2136780cd7e5d7f4bd89d89a9243b logged in
2025-07-28 23:31:38 [INFO]: OTP VERIFIED - afef9cbf10c3213e490293591404b1a325d2136780cd7e5d7f4bd89d89a9243b logged in
2025-07-28 23:34:10 [INFO]: OTP VERIFIED - afef9cbf10c3213e490293591404b1a325d2136780cd7e5d7f4bd89d89a9243b logged in
2025-07-28 23:37:54 [INFO]: OTP VERIFIED - afef9cbf10c3213e490293591404b1a325d2136780cd7e5d7f4bd89d89a9243b logged in
2025-07-29 01:29:45 [INFO]: Admin d5c3aa29bd720e5dc0e3409a126b6d09d11d1fdbe3be5af5e05f819eee99cbbd logged in without OTP
2025-07-29 01:30:04 [INFO]: Admin d5c3aa29bd720e5dc0e3409a126b6d09d11d1fdbe3be5af5e05f819eee99cbbd logged in without OTP
2025-07-29 04:02:23 [INFO]: OTP VERIFIED - afef9cbf10c3213e490293591404b1a325d2136780cd7e5d7f4bd89d89a9243b logged in
2025-07-29 04:03:13 [INFO]: OTP VERIFIED - afef9cbf10c3213e490293591404b1a325d2136780cd7e5d7f4bd89d89a9243b logged in
2025-07-29 04:55:43 [INFO]: OTP VERIFIED - afef9cbf10c3213e490293591404b1a325d2136780cd7e5d7f4bd89d89a9243b logged in
2025-07-29 05:44:53 [INFO]: REGISTER - a@gmail.com registered with role Student
2025-07-29 05:48:00 [INFO]: REGISTER - aa@gmail.com registered with role Student
2025-07-29 05:50:44 [INFO]: REGISTER - r@gmail.com registered with role Student
2025-07-29 05:57:47 [INFO]: REGISTER - aaa@gmail.com registered with role Student
